\BOOKMARK [1][-]{section.1}{\376\377\137\025\212\000}{}% 1
\BOOKMARK [2][-]{subsection.1.1}{\376\377\170\024\172\166\122\250\147\072}{section.1}% 2
\BOOKMARK [2][-]{subsection.1.2}{\376\377\150\070\137\303\140\035\215\357\116\016\215\041\163\056}{section.1}% 3
\BOOKMARK [1][-]{section.2}{\376\377\166\370\121\163\135\345\117\134}{}% 4
\BOOKMARK [2][-]{subsection.2.1}{\376\377\117\040\176\337\136\003\134\100\117\030\123\026\145\271\154\325}{section.2}% 5
\BOOKMARK [2][-]{subsection.2.2}{\376\377\000R\000A\000G\116\016\167\345\213\306\150\300\175\042\145\271\154\325}{section.2}% 6
\BOOKMARK [2][-]{subsection.2.3}{\376\377\131\032\146\172\200\375\117\123\137\072\123\026\133\146\116\140}{section.2}% 7
\BOOKMARK [1][-]{section.3}{\376\377\225\356\230\230\137\142\137\017\123\026}{}% 8
\BOOKMARK [2][-]{subsection.3.1}{\376\377\202\257\162\107\136\003\134\100\225\356\230\230\133\232\116\111}{section.3}% 9
\BOOKMARK [2][-]{subsection.3.2}{\376\377\131\032\146\172\200\375\117\123\136\372\152\041}{section.3}% 10
\BOOKMARK [1][-]{section.4}{\376\377\000C\000h\000i\000p\000M\000A\000S\000R\000A\000G\174\373\176\337\147\266\147\204}{}% 11
\BOOKMARK [2][-]{subsection.4.1}{\376\377\116\011\134\102\150\106\147\266}{section.4}% 12
\BOOKMARK [2][-]{subsection.4.2}{\376\377\123\117\214\003\200\005\146\172\200\375\117\123\213\276\213\241}{section.4}% 13
\BOOKMARK [2][-]{subsection.4.3}{\376\377\122\006\123\072\146\172\200\375\117\123\213\276\213\241}{section.4}% 14
\BOOKMARK [2][-]{subsection.4.4}{\376\377\167\345\213\306\232\161\122\250\166\204\217\271\165\114\123\117\125\106\123\117\213\256}{section.4}% 15
\BOOKMARK [2][-]{subsection.4.5}{\376\377\167\345\213\306\232\161\122\250\166\204\122\006\123\072\117\030\123\026}{section.4}% 16
\BOOKMARK [1][-]{section.5}{\376\377\213\255\176\303\173\227\154\325}{}% 17
\BOOKMARK [2][-]{subsection.5.1}{\376\377\122\006\123\072\146\172\200\375\117\123\166\204\000M\000A\000D\000D\000P\000G}{section.5}% 18
\BOOKMARK [2][-]{subsection.5.2}{\376\377\123\117\214\003\200\005\166\204\000P\000P\000O}{section.5}% 19
\BOOKMARK [1][-]{section.6}{\376\377\133\236\232\214\213\304\117\060}{}% 20
\BOOKMARK [2][-]{subsection.6.1}{\376\377\133\236\232\214\213\276\177\156}{section.6}% 21
\BOOKMARK [2][-]{subsection.6.2}{\376\377\116\073\211\201\176\323\147\234}{section.6}% 22
\BOOKMARK [2][-]{subsection.6.3}{\376\377\167\345\213\306\136\223\131\015\165\050\145\110\147\234}{section.6}% 23
\BOOKMARK [2][-]{subsection.6.4}{\376\377\211\304\152\041\145\340\121\163\140\047\122\006\147\220}{section.6}% 24
\BOOKMARK [2][-]{subsection.6.5}{\376\377\155\210\207\215\133\236\232\214}{section.6}% 25
\BOOKMARK [2][-]{subsection.6.6}{\376\377\116\016\127\372\176\277\145\271\154\325\133\371\153\324}{section.6}% 26
\BOOKMARK [1][-]{section.7}{\376\377\213\250\213\272}{}% 27
\BOOKMARK [2][-]{subsection.7.1}{\376\377\117\030\122\277\122\006\147\220}{section.7}% 28
\BOOKMARK [2][-]{subsection.7.2}{\376\377\134\100\226\120\140\047\116\016\147\052\147\145\135\345\117\134}{section.7}% 29
\BOOKMARK [1][-]{section.8}{\376\377\176\323\213\272}{}% 30
